<?xml version="1.0" encoding="UTF-8"?>
<!-- Generated by org.testng.reporters.JUnitXMLReporter -->
<testsuite hostname="LAPTOP-M7E66H8V" ignored="0" name="Default test" tests="4" failures="0" timestamp="02 Jun 2021 12:24:56 GMT" time="106.735" errors="0">
  <testcase name="Verify_Login_Page" time="37.511" classname="K_Assignment.Mail.Gmail_Test"/>
  <testcase name="Verify_Compose_Page" time="9.567" classname="K_Assignment.Mail.Gmail_Test"/>
  <testcase name="Verify_MSg_Page" time="40.702" classname="K_Assignment.Mail.Gmail_Test"/>
  <testcase name="Verify_MsgBody_Page" time="5.812" classname="K_Assignment.Mail.Gmail_Test"/>
</testsuite> <!-- Default test -->
