<?xml version="1.0" encoding="UTF-8"?>
<!-- Generated by org.testng.reporters.JUnitXMLReporter -->
<testsuite hostname="LAPTOP-M7E66H8V" ignored="0" name="Default test" tests="3" failures="0" timestamp="01 May 2021 11:20:26 GMT" time="11.979" errors="0">
  <testcase name="main" time="5.14" classname="Maven_May.MayMAven.Class2"/>
  <testcase name="Test1" time="0.002" classname="Maven_May.MayMAven.Test_1"/>
  <testcase name="Test2" time="0.0" classname="Maven_May.MayMAven.Test_1"/>
</testsuite> <!-- Default test -->
