<?xml version="1.0" encoding="UTF-8"?>
<testng-results skipped="0" failed="0" ignored="0" total="2" passed="2">
  <reporter-output>
  </reporter-output>
  <suite name="Default suite" duration-ms="92" started-at="2021-05-01T09:16:10Z" finished-at="2021-05-01T09:16:11Z">
    <groups>
    </groups>
    <test name="Default test" duration-ms="92" started-at="2021-05-01T09:16:10Z" finished-at="2021-05-01T09:16:11Z">
      <class name="Maven_May.MayMAven.Test_1">
        <test-method status="PASS" signature="BT()[pri:0, instance:Maven_May.MayMAven.Test_1@68be2bc2]" name="BT" is-config="true" duration-ms="23" started-at="2021-05-01T09:16:10Z" finished-at="2021-05-01T09:16:10Z">
          <reporter-output>
          </reporter-output>
        </test-method> <!-- BT -->
        <test-method status="PASS" signature="BC()[pri:0, instance:Maven_May.MayMAven.Test_1@68be2bc2]" name="BC" is-config="true" duration-ms="2" started-at="2021-05-01T09:16:11Z" finished-at="2021-05-01T09:16:11Z">
          <reporter-output>
          </reporter-output>
        </test-method> <!-- BC -->
        <test-method status="PASS" signature="BM()[pri:0, instance:Maven_May.MayMAven.Test_1@68be2bc2]" name="BM" is-config="true" duration-ms="1" started-at="2021-05-01T09:16:11Z" finished-at="2021-05-01T09:16:11Z">
          <reporter-output>
          </reporter-output>
        </test-method> <!-- BM -->
        <test-method status="PASS" signature="Test1()[pri:0, instance:Maven_May.MayMAven.Test_1@68be2bc2]" name="Test1" duration-ms="8" started-at="2021-05-01T09:16:11Z" finished-at="2021-05-01T09:16:11Z">
          <reporter-output>
          </reporter-output>
        </test-method> <!-- Test1 -->
        <test-method status="PASS" signature="AM()[pri:0, instance:Maven_May.MayMAven.Test_1@68be2bc2]" name="AM" is-config="true" duration-ms="1" started-at="2021-05-01T09:16:11Z" finished-at="2021-05-01T09:16:11Z">
          <reporter-output>
          </reporter-output>
        </test-method> <!-- AM -->
        <test-method status="PASS" signature="Test2()[pri:0, instance:Maven_May.MayMAven.Test_1@68be2bc2]" name="Test2" duration-ms="3" started-at="2021-05-01T09:16:11Z" finished-at="2021-05-01T09:16:11Z">
          <reporter-output>
          </reporter-output>
        </test-method> <!-- Test2 -->
        <test-method status="PASS" signature="BM()[pri:0, instance:Maven_May.MayMAven.Test_1@68be2bc2]" name="BM" is-config="true" duration-ms="0" started-at="2021-05-01T09:16:11Z" finished-at="2021-05-01T09:16:11Z">
          <reporter-output>
          </reporter-output>
        </test-method> <!-- BM -->
        <test-method status="PASS" signature="AM()[pri:0, instance:Maven_May.MayMAven.Test_1@68be2bc2]" name="AM" is-config="true" duration-ms="4" started-at="2021-05-01T09:16:11Z" finished-at="2021-05-01T09:16:11Z">
          <reporter-output>
          </reporter-output>
        </test-method> <!-- AM -->
        <test-method status="PASS" signature="AC()[pri:0, instance:Maven_May.MayMAven.Test_1@68be2bc2]" name="AC" is-config="true" duration-ms="0" started-at="2021-05-01T09:16:11Z" finished-at="2021-05-01T09:16:11Z">
          <reporter-output>
          </reporter-output>
        </test-method> <!-- AC -->
        <test-method status="PASS" signature="AT()[pri:0, instance:Maven_May.MayMAven.Test_1@68be2bc2]" name="AT" is-config="true" duration-ms="2" started-at="2021-05-01T09:16:11Z" finished-at="2021-05-01T09:16:11Z">
          <reporter-output>
          </reporter-output>
        </test-method> <!-- AT -->
      </class> <!-- Maven_May.MayMAven.Test_1 -->
    </test> <!-- Default test -->
  </suite> <!-- Default suite -->
</testng-results>
