<?xml version="1.0" encoding="UTF-8"?>
<!-- Generated by org.testng.reporters.JUnitXMLReporter -->
<testsuite hostname="LAPTOP-M7E66H8V" ignored="2" name="Test" tests="4" failures="0" timestamp="02 May 2021 05:02:42 GMT" time="0.139" errors="0">
  <testcase name="Test1" time="0.0" classname="Maven_May.MayMAven.Class2"/>
  <testcase name="Test2" time="0.016" classname="Maven_May.MayMAven.Class2"/>
  <testcase name="Test1" time="0.0" classname="Maven_May.MayMAven.Test_1"/>
  <testcase name="Test2" time="0.0" classname="Maven_May.MayMAven.Test_1"/>
  <testcase name="@AfterTest AT" time="0.0" classname="Maven_May.MayMAven.Test_1">
    <ignored/>
  </testcase> <!-- @AfterTest AT -->
  <testcase name="@BeforeTest BT" time="0.0" classname="Maven_May.MayMAven.Test_1">
    <ignored/>
  </testcase> <!-- @BeforeTest BT -->
</testsuite> <!-- Test -->
