<?xml version="1.0" encoding="UTF-8"?>
<!-- Generated by org.testng.reporters.JUnitXMLReporter -->
<testsuite hostname="LAPTOP-M7E66H8V" ignored="0" name="Test" tests="3" failures="0" timestamp="01 May 2021 11:13:34 GMT" time="18.978" errors="0">
  <testcase name="main" time="18.885" classname="Maven_May.MayMAven.Class2"/>
  <testcase name="Test1" time="0.003" classname="Maven_May.MayMAven.Test_1"/>
  <testcase name="Test2" time="0.0" classname="Maven_May.MayMAven.Test_1"/>
</testsuite> <!-- Test -->
