<?xml version="1.0" encoding="UTF-8"?>
<testng-results skipped="0" failed="0" ignored="0" total="2" passed="2">
  <reporter-output>
  </reporter-output>
  <suite name="Surefire suite" duration-ms="76" started-at="2021-05-01T16:13:26 IST" finished-at="2021-05-01T16:13:26 IST">
    <groups>
    </groups>
    <test name="Surefire test" duration-ms="76" started-at="2021-05-01T16:13:26 IST" finished-at="2021-05-01T16:13:26 IST">
      <class name="Maven_May.MayMAven.Test_1">
        <test-method status="PASS" signature="BT()[pri:0, instance:Maven_May.MayMAven.Test_1@5f9d02cb]" name="BT" is-config="true" duration-ms="12" started-at="2021-05-01T16:13:26 IST" finished-at="2021-05-01T16:13:26 IST">
          <reporter-output>
          </reporter-output>
        </test-method> <!-- BT -->
        <test-method status="PASS" signature="BC()[pri:0, instance:Maven_May.MayMAven.Test_1@5f9d02cb]" name="BC" is-config="true" duration-ms="0" started-at="2021-05-01T16:13:26 IST" finished-at="2021-05-01T16:13:26 IST">
          <reporter-output>
          </reporter-output>
        </test-method> <!-- BC -->
        <test-method status="PASS" signature="Test1()[pri:0, instance:Maven_May.MayMAven.Test_1@5f9d02cb]" name="Test1" duration-ms="10" started-at="2021-05-01T16:13:26 IST" finished-at="2021-05-01T16:13:26 IST">
          <reporter-output>
          </reporter-output>
        </test-method> <!-- Test1 -->
        <test-method status="PASS" signature="BM()[pri:0, instance:Maven_May.MayMAven.Test_1@5f9d02cb]" name="BM" is-config="true" duration-ms="0" started-at="2021-05-01T16:13:26 IST" finished-at="2021-05-01T16:13:26 IST">
          <reporter-output>
          </reporter-output>
        </test-method> <!-- BM -->
        <test-method status="PASS" signature="AM()[pri:0, instance:Maven_May.MayMAven.Test_1@5f9d02cb]" name="AM" is-config="true" duration-ms="2" started-at="2021-05-01T16:13:26 IST" finished-at="2021-05-01T16:13:26 IST">
          <reporter-output>
          </reporter-output>
        </test-method> <!-- AM -->
        <test-method status="PASS" signature="BM()[pri:0, instance:Maven_May.MayMAven.Test_1@5f9d02cb]" name="BM" is-config="true" duration-ms="0" started-at="2021-05-01T16:13:26 IST" finished-at="2021-05-01T16:13:26 IST">
          <reporter-output>
          </reporter-output>
        </test-method> <!-- BM -->
        <test-method status="PASS" signature="Test2()[pri:0, instance:Maven_May.MayMAven.Test_1@5f9d02cb]" name="Test2" duration-ms="0" started-at="2021-05-01T16:13:26 IST" finished-at="2021-05-01T16:13:26 IST">
          <reporter-output>
          </reporter-output>
        </test-method> <!-- Test2 -->
        <test-method status="PASS" signature="AM()[pri:0, instance:Maven_May.MayMAven.Test_1@5f9d02cb]" name="AM" is-config="true" duration-ms="0" started-at="2021-05-01T16:13:26 IST" finished-at="2021-05-01T16:13:26 IST">
          <reporter-output>
          </reporter-output>
        </test-method> <!-- AM -->
        <test-method status="PASS" signature="AC()[pri:0, instance:Maven_May.MayMAven.Test_1@5f9d02cb]" name="AC" is-config="true" duration-ms="0" started-at="2021-05-01T16:13:26 IST" finished-at="2021-05-01T16:13:26 IST">
          <reporter-output>
          </reporter-output>
        </test-method> <!-- AC -->
        <test-method status="PASS" signature="AT()[pri:0, instance:Maven_May.MayMAven.Test_1@5f9d02cb]" name="AT" is-config="true" duration-ms="1" started-at="2021-05-01T16:13:26 IST" finished-at="2021-05-01T16:13:26 IST">
          <reporter-output>
          </reporter-output>
        </test-method> <!-- AT -->
      </class> <!-- Maven_May.MayMAven.Test_1 -->
    </test> <!-- Surefire test -->
  </suite> <!-- Surefire suite -->
</testng-results>
