<?xml version="1.0" encoding="UTF-8"?>
<testsuite xmlns:xsi="http://www.w3.org/2001/XMLSchema-instance" xsi:noNamespaceSchemaLocation="https://maven.apache.org/surefire/maven-surefire-plugin/xsd/surefire-test-report-3.0.xsd" version="3.0" name="Maven_May.MayMAven.Test_1" time="5.399" tests="12" errors="0" skipped="11" failures="1">
  <properties>
[...]
</properties>
  <testcase name="BC" classname="Maven_May.MayMAven.Test_1" time="5.098">
    <failure message="unknown error: cannot find Chrome binary&#10;Build info: version: &apos;3.141.59&apos;, revision: &apos;e82be7d358&apos;, time: &apos;2018-11-14T08:17:03&apos;&#10;System info: host: &apos;LAPTOP-M7E66H8V&apos;, ip: &apos;192.168.43.69&apos;, os.name: &apos;Windows 10&apos;, os.arch: &apos;amd64&apos;, os.version: &apos;10.0&apos;, java.version: &apos;1.8.0_144&apos;&#10;Driver info: driver.version: ChromeDriver&#10;remote stacktrace: Backtrace:&#10;	Ordinal0 [0x00C5C013+2474003]&#10;	Ordinal0 [0x00BF29C1+2042305]&#10;	Ordinal0 [0x00B02F68+1060712]&#10;	Ordinal0 [0x00B1C626+1164838]&#10;	Ordinal0 [0x00B1AA83+1157763]&#10;	Ordinal0 [0x00B4A2A2+1352354]&#10;	Ordinal0 [0x00B48FAA+1347498]&#10;	Ordinal0 [0x00B466DB+1337051]&#10;	Ordinal0 [0x00B23427+1192999]&#10;	Ordinal0 [0x00B242EE+1196782]&#10;	Ordinal0 [0x00B24279+1196665]&#10;	GetHandleVerifier [0x00DE96FC+1590332]&#10;	GetHandleVerifier [0x00E98614+2306900]&#10;	GetHandleVerifier [0x00CE9E93+543699]&#10;	GetHandleVerifier [0x00CE92CE+540686]&#10;	Ordinal0 [0x00BF86BA+2066106]&#10;	Ordinal0 [0x00BFD1C8+2085320]&#10;	Ordinal0 [0x00BFD308+2085640]&#10;	Ordinal0 [0x00C067F3+2123763]&#10;	BaseThreadInitThunk [0x76E9FA29+25]&#10;	RtlGetAppContainerNamedObjectPath [0x77447A4E+286]&#10;	RtlGetAppContainerNamedObjectPath [0x77447A1E+238]&#10;" type="org.openqa.selenium.WebDriverException"><![CDATA[org.openqa.selenium.WebDriverException: 
unknown error: cannot find Chrome binary
Build info: version: '3.141.59', revision: 'e82be7d358', time: '2018-11-14T08:17:03'
System info: host: 'LAPTOP-M7E66H8V', ip: '192.168.43.69', os.name: 'Windows 10', os.arch: 'amd64', os.version: '10.0', java.version: '1.8.0_144'
Driver info: driver.version: ChromeDriver
remote stacktrace: Backtrace:
	Ordinal0 [0x00C5C013+2474003]
	Ordinal0 [0x00BF29C1+2042305]
	Ordinal0 [0x00B02F68+1060712]
	Ordinal0 [0x00B1C626+1164838]
	Ordinal0 [0x00B1AA83+1157763]
	Ordinal0 [0x00B4A2A2+1352354]
	Ordinal0 [0x00B48FAA+1347498]
	Ordinal0 [0x00B466DB+1337051]
	Ordinal0 [0x00B23427+1192999]
	Ordinal0 [0x00B242EE+1196782]
	Ordinal0 [0x00B24279+1196665]
	GetHandleVerifier [0x00DE96FC+1590332]
	GetHandleVerifier [0x00E98614+2306900]
	GetHandleVerifier [0x00CE9E93+543699]
	GetHandleVerifier [0x00CE92CE+540686]
	Ordinal0 [0x00BF86BA+2066106]
	Ordinal0 [0x00BFD1C8+2085320]
	Ordinal0 [0x00BFD308+2085640]
	Ordinal0 [0x00C067F3+2123763]
	BaseThreadInitThunk [0x76E9FA29+25]
	RtlGetAppContainerNamedObjectPath [0x77447A4E+286]
	RtlGetAppContainerNamedObjectPath [0x77447A1E+238]

	at Maven_May.MayMAven.Test_1.BC(Test_1.java:19)
]]></failure>
    <system-out><![CDATA[------------Before Test Running
Browser Open
]]></system-out>
    <system-err><![CDATA[Starting ChromeDriver 90.0.4430.24 (4c6d850f087da467d926e8eddb76550aed655991-refs/branch-heads/4430@{#429}) on port 40235
Only local connections are allowed.
Please see https://chromedriver.chromium.org/security-considerations for suggestions on keeping ChromeDriver safe.
ChromeDriver was started successfully.
]]></system-err>
  </testcase>
  <testcase name="BM" classname="Maven_May.MayMAven.Test_1" time="0">
    <skipped/>
  </testcase>
  <testcase name="BM" classname="Maven_May.MayMAven.Test_1" time="0">
    <skipped/>
  </testcase>
  <testcase name="BM" classname="Maven_May.MayMAven.Test_1" time="0">
    <skipped/>
  </testcase>
  <testcase name="main" classname="Maven_May.MayMAven.Test_1" time="0">
    <skipped message="unknown error: cannot find Chrome binary&#10;Build info: version: &apos;3.141.59&apos;, revision: &apos;e82be7d358&apos;, time: &apos;2018-11-14T08:17:03&apos;&#10;System info: host: &apos;LAPTOP-M7E66H8V&apos;, ip: &apos;192.168.43.69&apos;, os.name: &apos;Windows 10&apos;, os.arch: &apos;amd64&apos;, os.version: &apos;10.0&apos;, java.version: &apos;1.8.0_144&apos;&#10;Driver info: driver.version: ChromeDriver&#10;remote stacktrace: Backtrace:&#10;	Ordinal0 [0x00C5C013+2474003]&#10;	Ordinal0 [0x00BF29C1+2042305]&#10;	Ordinal0 [0x00B02F68+1060712]&#10;	Ordinal0 [0x00B1C626+1164838]&#10;	Ordinal0 [0x00B1AA83+1157763]&#10;	Ordinal0 [0x00B4A2A2+1352354]&#10;	Ordinal0 [0x00B48FAA+1347498]&#10;	Ordinal0 [0x00B466DB+1337051]&#10;	Ordinal0 [0x00B23427+1192999]&#10;	Ordinal0 [0x00B242EE+1196782]&#10;	Ordinal0 [0x00B24279+1196665]&#10;	GetHandleVerifier [0x00DE96FC+1590332]&#10;	GetHandleVerifier [0x00E98614+2306900]&#10;	GetHandleVerifier [0x00CE9E93+543699]&#10;	GetHandleVerifier [0x00CE92CE+540686]&#10;	Ordinal0 [0x00BF86BA+2066106]&#10;	Ordinal0 [0x00BFD1C8+2085320]&#10;	Ordinal0 [0x00BFD308+2085640]&#10;	Ordinal0 [0x00C067F3+2123763]&#10;	BaseThreadInitThunk [0x76E9FA29+25]&#10;	RtlGetAppContainerNamedObjectPath [0x77447A4E+286]&#10;	RtlGetAppContainerNamedObjectPath [0x77447A1E+238]&#10;"/>
  </testcase>
  <testcase name="AM" classname="Maven_May.MayMAven.Test_1" time="0">
    <skipped/>
  </testcase>
  <testcase name="AM" classname="Maven_May.MayMAven.Test_1" time="0">
    <skipped/>
  </testcase>
  <testcase name="AM" classname="Maven_May.MayMAven.Test_1" time="0">
    <skipped/>
  </testcase>
  <testcase name="Test1" classname="Maven_May.MayMAven.Test_1" time="0">
    <skipped message="unknown error: cannot find Chrome binary&#10;Build info: version: &apos;3.141.59&apos;, revision: &apos;e82be7d358&apos;, time: &apos;2018-11-14T08:17:03&apos;&#10;System info: host: &apos;LAPTOP-M7E66H8V&apos;, ip: &apos;192.168.43.69&apos;, os.name: &apos;Windows 10&apos;, os.arch: &apos;amd64&apos;, os.version: &apos;10.0&apos;, java.version: &apos;1.8.0_144&apos;&#10;Driver info: driver.version: ChromeDriver&#10;remote stacktrace: Backtrace:&#10;	Ordinal0 [0x00C5C013+2474003]&#10;	Ordinal0 [0x00BF29C1+2042305]&#10;	Ordinal0 [0x00B02F68+1060712]&#10;	Ordinal0 [0x00B1C626+1164838]&#10;	Ordinal0 [0x00B1AA83+1157763]&#10;	Ordinal0 [0x00B4A2A2+1352354]&#10;	Ordinal0 [0x00B48FAA+1347498]&#10;	Ordinal0 [0x00B466DB+1337051]&#10;	Ordinal0 [0x00B23427+1192999]&#10;	Ordinal0 [0x00B242EE+1196782]&#10;	Ordinal0 [0x00B24279+1196665]&#10;	GetHandleVerifier [0x00DE96FC+1590332]&#10;	GetHandleVerifier [0x00E98614+2306900]&#10;	GetHandleVerifier [0x00CE9E93+543699]&#10;	GetHandleVerifier [0x00CE92CE+540686]&#10;	Ordinal0 [0x00BF86BA+2066106]&#10;	Ordinal0 [0x00BFD1C8+2085320]&#10;	Ordinal0 [0x00BFD308+2085640]&#10;	Ordinal0 [0x00C067F3+2123763]&#10;	BaseThreadInitThunk [0x76E9FA29+25]&#10;	RtlGetAppContainerNamedObjectPath [0x77447A4E+286]&#10;	RtlGetAppContainerNamedObjectPath [0x77447A1E+238]&#10;"/>
  </testcase>
  <testcase name="Test2" classname="Maven_May.MayMAven.Test_1" time="0">
    <skipped message="unknown error: cannot find Chrome binary&#10;Build info: version: &apos;3.141.59&apos;, revision: &apos;e82be7d358&apos;, time: &apos;2018-11-14T08:17:03&apos;&#10;System info: host: &apos;LAPTOP-M7E66H8V&apos;, ip: &apos;192.168.43.69&apos;, os.name: &apos;Windows 10&apos;, os.arch: &apos;amd64&apos;, os.version: &apos;10.0&apos;, java.version: &apos;1.8.0_144&apos;&#10;Driver info: driver.version: ChromeDriver&#10;remote stacktrace: Backtrace:&#10;	Ordinal0 [0x00C5C013+2474003]&#10;	Ordinal0 [0x00BF29C1+2042305]&#10;	Ordinal0 [0x00B02F68+1060712]&#10;	Ordinal0 [0x00B1C626+1164838]&#10;	Ordinal0 [0x00B1AA83+1157763]&#10;	Ordinal0 [0x00B4A2A2+1352354]&#10;	Ordinal0 [0x00B48FAA+1347498]&#10;	Ordinal0 [0x00B466DB+1337051]&#10;	Ordinal0 [0x00B23427+1192999]&#10;	Ordinal0 [0x00B242EE+1196782]&#10;	Ordinal0 [0x00B24279+1196665]&#10;	GetHandleVerifier [0x00DE96FC+1590332]&#10;	GetHandleVerifier [0x00E98614+2306900]&#10;	GetHandleVerifier [0x00CE9E93+543699]&#10;	GetHandleVerifier [0x00CE92CE+540686]&#10;	Ordinal0 [0x00BF86BA+2066106]&#10;	Ordinal0 [0x00BFD1C8+2085320]&#10;	Ordinal0 [0x00BFD308+2085640]&#10;	Ordinal0 [0x00C067F3+2123763]&#10;	BaseThreadInitThunk [0x76E9FA29+25]&#10;	RtlGetAppContainerNamedObjectPath [0x77447A4E+286]&#10;	RtlGetAppContainerNamedObjectPath [0x77447A1E+238]&#10;"/>
  </testcase>
  <testcase name="AC" classname="Maven_May.MayMAven.Test_1" time="0">
    <skipped/>
  </testcase>
  <testcase name="AT" classname="Maven_May.MayMAven.Test_1" time="0">
    <skipped/>
  </testcase>
</testsuite>